<?xml version="1.0" encoding="UTF-8"?>
<Site BuildName="Linux-clang++"
	BuildStamp="20230611-1449-Experimental"
	Name="ATJOWT-PC"
	Generator="ctest-3.22.1"
	CompilerName="/usr/bin/clang++"
	CompilerVersion=""
	OSName="Linux"
	Hostname="ATJOWT-PC"
	OSRelease="6.1.0-1013-oem"
	OSVersion="#13-Ubuntu SMP PREEMPT_DYNAMIC Thu May 18 16:45:09 UTC 2023"
	OSPlatform="x86_64"
	Is64Bits="1"
	VendorString="GenuineIntel"
	VendorID="Intel Corporation"
	FamilyID="6"
	ModelID="158"
	ProcessorCacheSize="6144"
	NumberOfLogicalCPU="4"
	NumberOfPhysicalCPU="4"
	TotalVirtualMemory="2047"
	TotalPhysicalMemory="15934"
	LogicalProcessorsPerPhysical="1"
	ProcessorClockFrequency="3300.03"
	>
	<Testing>
		<StartDateTime>Jun 11 16:49 CEST</StartDateTime>
		<StartTestTime>1686494980</StartTestTime>
		<TestList/>
		<EndDateTime>Jun 11 16:49 CEST</EndDateTime>
		<EndTestTime>1686494980</EndTestTime>
		<ElapsedMinutes>0</ElapsedMinutes>
	</Testing>
</Site>
